============================================================
  Generated by:           Genus(TM) Synthesis Solution 17.13-s033_1
  Generated on:           May 02 2020  08:12:56 pm
  Module:                 mtm_Alu
  Library domain:         WC_tc
    Domain index:         0
    Technology library:   SUSLIB_UCL_SS 
    Operating conditions: worst 
  Interconnect mode:      global
  Area mode:              physical library
============================================================

Timing
--------

 Mode Clock  Period 
--------------------
WC_av clk1  20000.0 


        Cost   Critical       Violating 
 Mode  Group  Path Slack TNS    Paths   
----------------------------------------
WC_av    clk1     1215.2 0.0          0 
      default   No paths 0.0          0 
----------------------------------------
Total                    0.0          0 
                                        

Instance Count
--------------
Leaf Instance Count             1709 
Physical Instance count            0 
Sequential Instance Count        300 
Combinational Instance Count    1409 
Hierarchical Instance Count        5 

Area
----
Cell Area                          55240.704
Physical Cell Area                 0.000
Total Cell Area (Cell+Physical)    55240.704
Net Area                           23091.370
Total Area (Cell+Physical+Net)     78332.074

Max Fanout                         300 (clk)
Min Fanout                         1 (C[0])
Average Fanout                     2.2
Terms to net ratio                 3.3885
Terms to instance ratio            3.4857
Runtime                            22.992088 seconds
Elapsed Runtime                    24 seconds
Genus peak memory usage            674.18 
Innovus peak memory usage          no_value 
Hostname                           localhost
