xrun: 18.09-s011: (c) Copyright 1995-2019 Cadence Design Systems, Inc.
TOOL:	xrun	18.09-s011: Started on May 02, 2020 at 20:11:59 CEST
xrun
	-F mtm_Alu.f
		../tb/mtm_Alu_test_top.v
		../tb/mtm_Alu_tb.v
		-y ../rtl
		+libext+.v
		-nowarn DLNOHV
		-nowarn DLCLAP
		-nowarn DSEM2009
		-nowarn DSEMEL
		-timescale 1ns/1ps
		-vtimescale 1ns/1ps
	+access+r
INCLUDE $PDK_DIR/cds/cds.lib
|
xrun: *W,DLCVAR (/home/student/jfilipiak/cds.lib,1): cds.lib Invalid environment variable ''.
INCLUDE $PDK_DIR/cds/cds.lib
|
xrun: *W,DLCVAR (/home/student/jfilipiak/cds.lib,1): cds.lib Invalid environment variable ''.
INCLUDE $PDK_DIR/cds/cds.lib
|
xrun: *W,DLCVAR (/home/student/jfilipiak/cds.lib,1): cds.lib Invalid environment variable ''.
INCLUDE $PDK_DIR/cds/cds.lib
|
xrun: *W,DLCVAR (/home/student/jfilipiak/cds.lib,1): cds.lib Invalid environment variable ''.
INCLUDE $PDK_DIR/cds/cds.lib
|
xrun: *W,DLCVAR (/home/student/jfilipiak/cds.lib,1): cds.lib Invalid environment variable ''.
INCLUDE $PDK_DIR/cds/cds.lib
|
xmvlog: *W,DLCVAR (/home/student/jfilipiak/cds.lib,1): cds.lib Invalid environment variable ''.
file: ./../tb/mtm_Alu_test_top.v
	module worklib.mtm_Alu_test_top:v
		errors: 0, warnings: 0
file: ./../tb/mtm_Alu_tb.v
	module worklib.mtm_Alu_tb:v
		errors: 0, warnings: 0
file: ./../rtl/mtm_Alu.v
	module rtl.mtm_Alu:v
		errors: 0, warnings: 0
file: ./../rtl/mtm_Alu_deserializer.v
	module rtl.mtm_Alu_deserializer:v
		errors: 0, warnings: 0
file: ./../rtl/mtm_Alu_core.v
	module rtl.mtm_Alu_core:v
		errors: 0, warnings: 0
file: ./../rtl/mtm_Alu_serializer.v
	module rtl.mtm_Alu_serializer:v
		errors: 0, warnings: 0
	Total errors/warnings found outside modules and primitives:
		errors: 0, warnings: 1
INCLUDE $PDK_DIR/cds/cds.lib
|
xrun: *W,DLCVAR (/home/student/jfilipiak/cds.lib,1): cds.lib Invalid environment variable ''.
INCLUDE $PDK_DIR/cds/cds.lib
|
xrun: *W,DLCVAR (/home/student/jfilipiak/cds.lib,1): cds.lib Invalid environment variable ''.
INCLUDE $PDK_DIR/cds/cds.lib
|
xmelab: *W,DLCVAR (/home/student/jfilipiak/cds.lib,1): cds.lib Invalid environment variable ''.
		Caching library 'worklib' ....... Done
		Caching library 'rtl' ....... Done
	Elaborating the design hierarchy:
	Top level design units:
		mtm_Alu_test_top
	Building instance overlay tables: .................... Done
	Generating native compiled code:
INCLUDE $PDK_DIR/cds/cds.lib
|
xmvlog_cg: *W,DLCVAR (/home/student/jfilipiak/cds.lib,1): cds.lib Invalid environment variable ''.
		rtl.mtm_Alu_serializer:v <0x5ea4867d>
			streams:   5, words:  4762
		rtl.mtm_Alu_core:v <0x45b671b3>
			streams:   7, words: 12604
		rtl.mtm_Alu_deserializer:v <0x25f8dc5a>
			streams:   6, words: 18678
		worklib.mtm_Alu_tb:v <0x3075f918>
			streams:  22, words: 55794
	Building instance specific data structures.
	Loading native compiled code:     .................... Done
	Design hierarchy summary:
		                 Instances  Unique
		Modules:                 6       6
		Registers:             109     109
		Scalar wires:            7       -
		Vectored wires:          7       -
		Always blocks:          10      10
		Initial blocks:          1       1
		Simulation timescale:  1ps
	Writing initial simulation snapshot: worklib.mtm_Alu_test_top:v
INCLUDE $PDK_DIR/cds/cds.lib
|
xmsim: *W,DLCVAR (/home/student/jfilipiak/cds.lib,1): cds.lib Invalid environment variable ''.
Loading snapshot worklib.mtm_Alu_test_top:v .................... Done
xcelium> source /cad/XCELIUM1809/tools/xcelium/files/xmsimrc
xcelium> run

 TEST1.1: random numbers AND 
 PASS: DATA received are correct : 0000000000100000000011000001010010000000000101000000001
 PASS: DATA received are correct : 0010000000100100000001000101011010000000001101000011101
 PASS: DATA received are correct : 0000000110100100110011000001100110000001101101000001111
 PASS: DATA received are correct : 0010000000100000000101000000000010000000000101000010111
 PASS: DATA received are correct : 0000000000100110100111001100000110000000001101000000111
 PASS: DATA received are correct : 0000011010100000000011001100000110000110100101000001001
 PASS: DATA received are correct : 0001000110100000001001000101011110010001100101000001111
 PASS: DATA received are correct : 0001100000100001101011000010000010011000000101000000101
 PASS: DATA received are correct : 0011000000100000100111001000000010010000000101000011001
 PASS: DATA received are correct : 0000110010100100000101000111001010001100101101000001001
 PASS: DATA received are correct : 0000000001100001000001001101001010000000010101000000001
 PASS: DATA received are correct : 0001100001100001100001000000000010011000010101000001011
 PASS: DATA received are correct : 0011100000100000000001000100101010011000000101000011111
 PASS: DATA received are correct : 0000001110100000010001000000100010000011100101000000111
 PASS: DATA received are correct : 0010010010100101000111000000000010000100101101000010001
 PASS: DATA received are correct : 0000000001100011000111000000001010000000010101000000101
 PASS: DATA received are correct : 0000000000100001000001000010000010000000000101000000111
 PASS: DATA received are correct : 0001000100100010010001000100010010010001000101000001111
 PASS: DATA received are correct : 0010001001100000000001000011100010000010010101000010101
 PASS: DATA received are correct : 0010000000100101001001000001000010000000001101000011001
 PASS: DATA received are correct : 0000100000100100001101000000100010001000001101000000101
 PASS: DATA received are correct : 0010000001100000101101000000101010000000010101000010111
 PASS: DATA received are correct : 0000000110100110001011000110000010000001101101000001011
 PASS: DATA received are correct : 0000000001100000000001000100000110000000010101000001001
 PASS: DATA received are correct : 0010000100100001100011000000100010000001000101000010011
 PASS: DATA received are correct : 0001000001100001010001000010000110010000010101000000011
 PASS: DATA received are correct : 0000100000100010000001000011000010001000000101000001011
 PASS: DATA received are correct : 0000000100100000000001000001001010000001000101000001011
 PASS: DATA received are correct : 0001010001100000000001000000010110010100010101000001101
 PASS: DATA received are correct : 0001000011100000000011000001000110010000110101000001011
 PASS: DATA received are correct : 0000010100100000001011000000000010000101000101000000001
 PASS: DATA received are correct : 0010000000100100101111001001101010000000001101000010101
 PASS: DATA received are correct : 0000000010100111100101000100000110000000101101000000101
 PASS: DATA received are correct : 0000011101100000001001000010000010000111010101000001101
 PASS: DATA received are correct : 0000001010100001000101000000001010000010100101000001011
 PASS: DATA received are correct : 0001101000100100110001000000101110011010001101000001111
 PASS: DATA received are correct : 0000100000100001000011000000001110001000000101000000111
 PASS: DATA received are correct : 0001000111100101000011000000000110010001111101000000001
 PASS: DATA received are correct : 0001011000100010011011000010000010010110000101000001001
 PASS: DATA received are correct : 0010001110100010001001000001010010000011100101000011001
 PASS: DATA received are correct : 0000000100100110010101000000000010000001001101000001011
 PASS: DATA received are correct : 0010100000100001000101000011001010001000000101000010111
 PASS: DATA received are correct : 0010101000100110001101001100000010001010001101000011001
 PASS: DATA received are correct : 0000000010100000000011000010111110000000100101000000001
 PASS: DATA received are correct : 0001100000100000001001001100110010011000000101000001001
 PASS: DATA received are correct : 0000011010100100000101000100100010000110101101000001111
 PASS: DATA received are correct : 0000001001100000001001000000000010000010010101000000111
 PASS: DATA received are correct : 0000010100100110000011001000000110000101001101000000101
 PASS: DATA received are correct : 0000001001100110000101001000011010000010011101000001101
 PASS: DATA received are correct : 0000000000100000100001000000100010000000000101000001101
 PASS: DATA received are correct : 0000100100100100010101000100100110001001001101000001011
 PASS: DATA received are correct : 0000010101100000000001001010111010000101010101000000011
 PASS: DATA received are correct : 0000000000100000101011000010000010000000000101000001001
 PASS: DATA received are correct : 0011000110100000010101000000000010010001100101000010001
 PASS: DATA received are correct : 0000010001100001101011001001100010000100010101000001001
 PASS: DATA received are correct : 0000010001100100000101000001010010000100011101000000011
 PASS: DATA received are correct : 0010010001100100100001001000000010000100011101000011001
 PASS: DATA received are correct : 0000100010100000010001000000010010001000100101000000101
 PASS: DATA received are correct : 0001100001100100110001000011010010011000011101000000011
 PASS: DATA received are correct : 0000100001100000010001000001101010001000010101000000111
 PASS: DATA received are correct : 0000010100100100000101001100000010000101001101000001011
 PASS: DATA received are correct : 0010100000100000100111000010010010001000000101000010111
 PASS: DATA received are correct : 0011001010100100010101001000000010010010101101000010001
 PASS: DATA received are correct : 0000100000100001100011000001100110001000000101000000111
 PASS: DATA received are correct : 0000000000100000000001000000100010000000000101000001111
 PASS: DATA received are correct : 0000000101100011001101001000110110000001010101000001111
 PASS: DATA received are correct : 0001001100100010111001001010110010010011000101000001111
 PASS: DATA received are correct : 0011100000100110100011000000001010011000001101000011011
 PASS: DATA received are correct : 0000100011100000010001001110100110001000110101000000101
 PASS: DATA received are correct : 0010000001100000100011000011010010000000010101000011111
 PASS: DATA received are correct : 0000011000100000011101001000100010000110000101000001101
 PASS: DATA received are correct : 0000011100100000000011001000010010000111000101000000111
 PASS: DATA received are correct : 0001001000100010001001000001110110010010000101000001001
 PASS: DATA received are correct : 0010000000100001101111000000100010000000000101000010111
 PASS: DATA received are correct : 0000100100100110010001000100100010001001001101000000111
 PASS: DATA received are correct : 0000100100100101000001000010011010001001001101000000011
 PASS: DATA received are correct : 0000100001100000000011000100000010001000010101000001101
 PASS: DATA received are correct : 0001001010100000100111000010000110010010100101000000101
 PASS: DATA received are correct : 0000000010100000001001000001101010000000100101000000101
 PASS: DATA received are correct : 0000110000100100100001000000000110001100001101000001101
 PASS: DATA received are correct : 0001000000100000000001001000100010010000000101000000101
 PASS: DATA received are correct : 0000010100100000100001000000000010000101000101000001011
 PASS: DATA received are correct : 0010000011100010001001000001000010000000110101000011011
 PASS: DATA received are correct : 0000000100100010000011000100010010000001000101000000001
 PASS: DATA received are correct : 0000010100100100001101000000011010000101001101000000011
 PASS: DATA received are correct : 0000000010100001101011000000000010000000100101000000111
 PASS: DATA received are correct : 0010001100100001101001000000000010000011000101000011001
 PASS: DATA received are correct : 0000110000100010001001001000010010001100000101000000111
 PASS: DATA received are correct : 0000011001100011100011000000000010000110010101000001111
 PASS: DATA received are correct : 0000101101100000000101000011000110001011010101000001001
 PASS: DATA received are correct : 0000001000100000001001000000010010000010000101000001111
 PASS: DATA received are correct : 0000011000100100000001000000000010000110001101000000001
 PASS: DATA received are correct : 0001000000100001000011000010000110010000000101000001011
 PASS: DATA received are correct : 0000010011100000001001000001101010000100110101000001111
 PASS: DATA received are correct : 0000101110100000110011000000001110001011100101000001001
 PASS: DATA received are correct : 0000000000100000000011000101011110000000000101000001011
 PASS: DATA received are correct : 0000101101100000010001001000000010001011010101000000111
 PASS: DATA received are correct : 0000100100100110000011000010001010001001001101000000101
 PASS: DATA received are correct : 0010110000100001010001001110010010001100000101000010011
 PASS: DATA received are correct : 0000000000100100101001000000100010000000001101000000001
 PASS: DATA received are correct : 0000000000100011000111001001000010000000000101000000101
 PASS: DATA received are correct : 0000011010100100001001000000100010000110101101000001001
 PASS: DATA received are correct : 0000000000100100100001000000000010000000001101000000001
 PASS: DATA received are correct : 0011000000100000000011000011010010010000000101000011011
 PASS: DATA received are correct : 0000100001100100000001000100001010001000011101000001111
 PASS: DATA received are correct : 0011000100100000000001000000011010010001000101000010101
 PASS: DATA received are correct : 0000000100100010010001001000000010000001000101000001101
 PASS: DATA received are correct : 0001010000100100010101001000110010010100001101000000011
 PASS: DATA received are correct : 0000000011100000000001000010000010000000110101000001111
 PASS: DATA received are correct : 0000000101100000001101001000000010000001010101000001001
 PASS: DATA received are correct : 0000000100100000100001000001010010000001000101000000011
 PASS: DATA received are correct : 0000001100100011001011001110011010000011000101000001011
 PASS: DATA received are correct : 0000100100100010001001001010000010001001000101000000001
 PASS: DATA received are correct : 0000000001100001000111000100000110000000010101000000111
 PASS: DATA received are correct : 0000100001100101000001001000100010001000011101000001111
 PASS: DATA received are correct : 0001011001100000000011001001110110010110010101000001011
 PASS: DATA received are correct : 0001000000100000000101001000000110010000000101000001111
 PASS: DATA received are correct : 0001001000100001001101001001001010010010000101000001101
 PASS: DATA received are correct : 0000000011100001100111000001000010000000110101000001011
 PASS: DATA received are correct : 0001111001100001001011001001010010011110010101000001101
 PASS: DATA received are correct : 0000011000100010001001000000000010000110000101000000101
 PASS: DATA received are correct : 0001000010100010010011001000010010010000100101000001011
 PASS: DATA received are correct : 0001000100100000000001000100100110010001000101000000111
 PASS: DATA received are correct : 0001000000100000001011001010100010010000000101000001111
 PASS: DATA received are correct : 0010000101100100000011000000101010000001011101000010101
 PASS: DATA received are correct : 0001100100100100000001000001000010011001001101000000111
 PASS: DATA received are correct : 0000011010100001000001000100000010000110100101000001011
 PASS: DATA received are correct : 0000000101100110010001000001011010000001011101000000011
 PASS: DATA received are correct : 0001000100100001001011001010010010010001000101000001111
 PASS: DATA received are correct : 0001001001100001100101000000000110010010010101000001001
 PASS: DATA received are correct : 0000010100100000001001001100000010000101000101000001011
 PASS: DATA received are correct : 0000100001100001000011000001000010001000010101000000111
 PASS: DATA received are correct : 0000000110100000100001000000010010000001100101000000001
 PASS: DATA received are correct : 0000000100100000000011001001110110000001000101000001001
 PASS: DATA received are correct : 0001000000100001001101000001100010010000000101000000001
 PASS: DATA received are correct : 0010000000100100000001000010010010000000001101000010111
 PASS: DATA received are correct : 0000101000100010001001001110100110001010000101000001001
 PASS: DATA received are correct : 0010101001100000010001000010001010001010010101000010111
 PASS: DATA received are correct : 0010000000100011000101001110001010000000000101000010011
 PASS: DATA received are correct : 0000101000100000000001000000000010001010000101000000111
 PASS: DATA received are correct : 0000001000100000000101000100010010000010000101000001001
 PASS: DATA received are correct : 0010010000100100000011000001001010000100001101000011101
 PASS: DATA received are correct : 0000010000100100000011000000110010000100001101000001001
 PASS: DATA received are correct : 0001000000100000100001000000010110010000000101000000101
 PASS: DATA received are correct : 0000010000100100101011000101000110000100001101000000001
 PASS: DATA received are correct : 0010000010100000000001000010101010000000100101000011001
 PASS: DATA received are correct : 0000001000100000011001000000000010000010000101000001001
 PASS: DATA received are correct : 0000001000100000010001001001000010000010000101000000101
 PASS: DATA received are correct : 0011001000100001000001000110000010010010000101000010111
 PASS: DATA received are correct : 0000100010100110000101001000010010001000101101000000001
 PASS: DATA received are correct : 0000010000100100000011000000101110000100001101000001011
 PASS: DATA received are correct : 0000010010100100000001000000001010000100101101000000011
 PASS: DATA received are correct : 0001000010100000010001001110010010010000100101000000011
 PASS: DATA received are correct : 0011010000100110001111001000000010010100001101000010001
 PASS: DATA received are correct : 0000100100100110000001000001001010001001001101000001011
 PASS: DATA received are correct : 0000100000100100000101000000000110001000001101000001101
 PASS: DATA received are correct : 0000010000100000001001000101110010000100000101000001101
 PASS: DATA received are correct : 0000100000100001000101000000000010001000000101000000011
 PASS: DATA received are correct : 0000000000100001000011000000000010000000000101000000011
 PASS: DATA received are correct : 0010111001100010001101000001010010001110010101000011011
 PASS: DATA received are correct : 0010110100100010101011001010001010001101000101000010111
 PASS: DATA received are correct : 0001000000100000000101000000000110010000000101000000111
 PASS: DATA received are correct : 0000000000100011100001001001000110000000000101000000101
 PASS: DATA received are correct : 0000010000100000010011000010000010000100000101000000001
 PASS: DATA received are correct : 0001100000100001010001000001000010011000000101000001101
 PASS: DATA received are correct : 0000011000100010000101000101000110000110000101000000001
 PASS: DATA received are correct : 0000011000100000010001000000001010000110000101000001111
 PASS: DATA received are correct : 0000010001100001000001001001001110000100010101000000011
 PASS: DATA received are correct : 0000000000100101000001000000010010000000001101000001011
 PASS: DATA received are correct : 0000000001100100000101001000110010000000011101000000001
 PASS: DATA received are correct : 0001000000100001101001000000000010010000000101000001011
 PASS: DATA received are correct : 0000000000100100101101001000100110000000001101000001101
 PASS: DATA received are correct : 0010000100100000001011001010001010000001000101000011001
 PASS: DATA received are correct : 0000000010100010100101000010001110000000100101000000011
 PASS: DATA received are correct : 0000000000100000010001000100010010000000000101000000011
 PASS: DATA received are correct : 0000011001100011000001000110010010000110010101000000001
 PASS: DATA received are correct : 0011001011100000101001001100001010010010110101000011111
 PASS: DATA received are correct : 0000101010100001110001000101000010001010100101000001101
 PASS: DATA received are correct : 0010010000100000010101000001001010000100000101000011111
 PASS: DATA received are correct : 0000011000100001000001000000100010000110000101000001001
 PASS: DATA received are correct : 0000000110100100010001001111000010000001101101000000011
 PASS: DATA received are correct : 0000100100100100000001000000000010001001001101000001111
 PASS: DATA received are correct : 0011001110100011000001000100000010010011100101000010011
 PASS: DATA received are correct : 0000000101100111000001000101001010000001011101000000101
 PASS: DATA received are correct : 0000000001100110000011000000100010000000011101000000111
 PASS: DATA received are correct : 0000001000100100100001000000000110000010001101000000101
 PASS: DATA received are correct : 0000000010100000100001001001110010000000100101000001011
 PASS: DATA received are correct : 0011110000100000000011000011000010011100000101000010011
 PASS: DATA received are correct : 0000101000100000110101000001000110001010000101000000001
 PASS: DATA received are correct : 0000000000100010111001001000010010000000000101000001011
 PASS: DATA received are correct : 0000000010100000010001001110010110000000100101000001001
 PASS: DATA received are correct : 0001000000100000010001000001000010010000000101000000011
 PASS: DATA received are correct : 0000000001100001010001000100000110000000010101000000111
 PASS: DATA received are correct : 0001000000100010110111000001010010010000000101000001111
 PASS: DATA received are correct : 0000110000100010000101000000001010001100000101000000111
 PASS: DATA received are correct : 0001000101100000000001000100000010010001010101000000101
 PASS: DATA received are correct : 0010010010100000000011000001111010000100100101000010101
 PASS: DATA received are correct : 0000010001100000001011000000000010000100010101000000011
 PASS: DATA received are correct : 0010000000100000001001000011000010000000000101000011101
 PASS: DATA received are correct : 0000000100100110000001000000000010000001001101000001101
 PASS: DATA received are correct : 0000100010100000000001000011000010001000100101000001011
 PASS: DATA received are correct : 0000000000100001011101000001001010000000000101000000001
 PASS: DATA received are correct : 0001001000100000000011001000000010010010000101000000001
 PASS: DATA received are correct : 0000000110100001000001000100000010000001100101000001111
 PASS: DATA received are correct : 0000000001100001000001000000000010000000010101000000001
 PASS: DATA received are correct : 0000000000100000000001001111100110000000000101000000011
 PASS: DATA received are correct : 0000100001100111001001001000000010001000011101000000111
 PASS: DATA received are correct : 0000010000100001010001000000000110000100000101000001001
 PASS: DATA received are correct : 0001000000100000000001000110010110010000000101000000001
 PASS: DATA received are correct : 0010001100100100000111000000000010000011001101000011001
 PASS: DATA received are correct : 0000100010100000000001000000010010001000100101000001111
 PASS: DATA received are correct : 0001001000100001000001000000000110010010000101000000011
 PASS: DATA received are correct : 0000000000100000100001000011100110000000000101000001101
 PASS: DATA received are correct : 0000000000100000000001000001001010000000000101000001101
 PASS: DATA received are correct : 0000001000100000000011000100110010000010000101000001101
 PASS: DATA received are correct : 0000010001100000000001000000000010000100010101000001011
 PASS: DATA received are correct : 0010100100100010100011000010100010001001000101000010111
 PASS: DATA received are correct : 0000000000100001001101001000100110000000000101000001001
 PASS: DATA received are correct : 0000010100100100010011000010100010000101001101000001011
 PASS: DATA received are correct : 0010001001100011111111000000000010000010010101000010011
 PASS: DATA received are correct : 0000101000100000000001001000000010001010000101000001111
 PASS: DATA received are correct : 0000000011100010100011000010100010000000110101000001101
 PASS: DATA received are correct : 0001000001100000000101000000011110010000010101000001001
 PASS: DATA received are correct : 0000000000100000000011000101000010000000000101000001001
 PASS: DATA received are correct : 0010000100100111000001000100010010000001001101000011011
 PASS: DATA received are correct : 0000000100100000000001000000000010000001000101000000111
 PASS: DATA received are correct : 0001100010100110101011000000000110011000101101000001001
 PASS: DATA received are correct : 0000001000100001000001001100000010000010000101000000101
 PASS: DATA received are correct : 0000110000100100000011001000010010001100001101000000101
 PASS: DATA received are correct : 0000100100100001000111000100000010001001000101000000111
 PASS: DATA received are correct : 0001000000100000011001000000100010010000000101000001001
 PASS: DATA received are correct : 0001011000100011000001001011000010010110000101000001101
 PASS: DATA received are correct : 0010000000100010010001000100101010000000000101000010101
 PASS: DATA received are correct : 0000011010100110001001000100001110000110101101000000101
 PASS: DATA received are correct : 0000000010100000001011001000010110000000100101000001101
 PASS: DATA received are correct : 0000110000100000000011001000010110001100000101000001111
 PASS: DATA received are correct : 0000000000100111000101000000101110000000001101000000011
 PASS: DATA received are correct : 0001000000100000000001000000001010010000000101000000101
 PASS: DATA received are correct : 0001100000100000011001001001101010011000000101000000111
 PASS: DATA received are correct : 0010010000100001000101001110000010000100000101000010011
 PASS: DATA received are correct : 0000010011100000000101001001100010000100110101000000011
 PASS: DATA received are correct : 0001110100100010000001000010111010011101000101000001111
 PASS: DATA received are correct : 0010000011100000001001000010010010000000110101000010111
 PASS: DATA received are correct : 0001000000100101001001000011010010010000001101000001111
 PASS: DATA received are correct : 0000110000100010000101000000110010001100000101000000011
 PASS: DATA received are correct : 0010010000100000000001000100101010000100000101000011001
 PASS: DATA received are correct : 0000010000100001001001000011010110000100000101000001001
 PASS: DATA received are correct : 0010110000100101011001000000001010001100001101000011011
 PASS: DATA received are correct : 0000000000100000000001000001010110000000000101000001111
 PASS: DATA received are correct : 0000100000100000101111001001000110001000000101000000111

 TEST1.2: random numbers OR
 PASS: DATA received are correct : 0011111101100011110101000111000110011111010101000011111
 PASS: DATA received are correct : 0011111111100110111111001100101110011111111101000010001
 PASS: DATA received are correct : 0011111111100101111111001011110110011111111101000011011
 PASS: DATA received are correct : 0011111111100011001111001101110110011111110101000011111
 PASS: DATA received are correct : 0011110111100111111111001111011110011101111101000010011
 PASS: DATA received are correct : 0011111111100111001111001111110010011111111101000010111
 PASS: DATA received are correct : 0001111101100110100101001001111110011111011101000000011
 PASS: DATA received are correct : 0000001001100110011101000011110110000010011101000001001
 PASS: DATA received are correct : 0000111010100110111101000110011110001110101101000000101
 PASS: DATA received are correct : 0011011111100100110001000011101010010111111101000011011
 PASS: DATA received are correct : 0010111101100111110101000011101010001111011101000011011
 PASS: DATA received are correct : 0011110011100011111011000110111110011100110101000010111
 PASS: DATA received are correct : 0010111111100110110111001101110110001111111101000011101
 PASS: DATA received are correct : 0001111110100111011111001111111110011111101101000001101
 PASS: DATA received are correct : 0011110110100111111101000110101110011101101101000010001
 PASS: DATA received are correct : 0011110111100111011111001101110110011101111101000011011
 PASS: DATA received are correct : 0011101111100101101111001111110010011011111101000010011
 PASS: DATA received are correct : 0010111011100001101111001101111110001110110101000010111
 PASS: DATA received are correct : 0011011111100110110001000011110110010111111101000010001
 PASS: DATA received are correct : 0011111111100011111011001101111110011111110101000011101
 PASS: DATA received are correct : 0010111101100111011101001111111010001111011101000010111
 PASS: DATA received are correct : 0010111110100101111111001101110010001111101101000010011
 PASS: DATA received are correct : 0011111111100011110111001100111110011111110101000010101
 PASS: DATA received are correct : 0000111101100111111111001011101110001111011101000001001
 PASS: DATA received are correct : 0011111101100110101111000100011110011111011101000011001
 PASS: DATA received are correct : 0010111111100100011111001111111010001111111101000010101
 PASS: DATA received are correct : 0011100111100011111111001001101110011001110101000011011
 PASS: DATA received are correct : 0011101110100111111101001111110110011011101101000011011
 PASS: DATA received are correct : 0011011101100101110101001110111110010111011101000011001
 PASS: DATA received are correct : 0011111010100111111111001111111110011110101101000010011
 PASS: DATA received are correct : 0010011110100111111001001111101110000111101101000011011
 PASS: DATA received are correct : 0010001011100111111101001011111110000010111101000010011
 PASS: DATA received are correct : 0000100111100111111111001111101110001001111101000000111
 PASS: DATA received are correct : 0001011101100011111111000111100110010111010101000001001
 PASS: DATA received are correct : 0011000110100111111111001111001110010001101101000011111
 PASS: DATA received are correct : 0011110111100111101111001011111110011101111101000010011
 PASS: DATA received are correct : 0001111010100111111111001010101110011110101101000001011
 PASS: DATA received are correct : 0010111111100101000101001011110110001111111101000011001
 PASS: DATA received are correct : 0010110010100101011011001010011110001100101101000011011
 PASS: DATA received are correct : 0010111110100111111111001011011010001111101101000010101
 PASS: DATA received are correct : 0010010110100110111111001111100110000101101101000011111
 PASS: DATA received are correct : 0011011110100011111111000101100110010111100101000011101
 PASS: DATA received are correct : 0001101000100011101111000110110110011010000101000000011
 PASS: DATA received are correct : 0011110110100111111111000111111110011101101101000010001
 PASS: DATA received are correct : 0011111010100111101111001010111110011110101101000010111
 PASS: DATA received are correct : 0011101110100111010101001101111010011011101101000011011
 PASS: DATA received are correct : 0011111111100011110001001110011110011111110101000010011
 PASS: DATA received are correct : 0011011111100011100111001001110010010111110101000010101
 PASS: DATA received are correct : 0011111111100011110011000000111110011111110101000010101
 PASS: DATA received are correct : 0011001011100111110111001111110010010010111101000010011
 PASS: DATA received are correct : 0011111011100110110111001111111110011110111101000011101
 PASS: DATA received are correct : 0010110011100110101011001111101110001100111101000010111
 PASS: DATA received are correct : 0010111111100111100111001110111010001111111101000010101
 PASS: DATA received are correct : 0010111111100011010111001111011010001111110101000011011
 PASS: DATA received are correct : 0011101101100001110011001111010110011011010101000010111
 PASS: DATA received are correct : 0001011110100110110111001110011110010111101101000001011
 PASS: DATA received are correct : 0001111101100101001101001101111110011111011101000000111
 PASS: DATA received are correct : 0001111111100111110111000110110110011111111101000000001
 PASS: DATA received are correct : 0011100110100110111101001010111110011001101101000011011
 PASS: DATA received are correct : 0001111111100111101111001011001110011111111101000000111
 PASS: DATA received are correct : 0011111110100011111111000001111110011111100101000011001
 PASS: DATA received are correct : 0001011110100101101111001011111110010111101101000000011
 PASS: DATA received are correct : 0011111111100101110111001100111010011111111101000010111
 PASS: DATA received are correct : 0011101110100011111011000110111110011011100101000010111
 PASS: DATA received are correct : 0000101111100001111101000100011110001011110101000000101
 PASS: DATA received are correct : 0011001101100000111111000101100110010011010101000010011
 PASS: DATA received are correct : 0011110111100111101011001111011110011101111101000010101
 PASS: DATA received are correct : 0001101101100110110111001101011110011011011101000001011
 PASS: DATA received are correct : 0001011111100001101111001110101110010111110101000000111
 PASS: DATA received are correct : 0011110101100111110101001111111110011101011101000011101
 PASS: DATA received are correct : 0001111101100101011011001111101110011111011101000001001
 PASS: DATA received are correct : 0001111101100101011111001010111110011111011101000000111
 PASS: DATA received are correct : 0000111111100111011011000111101110001111111101000000011
 PASS: DATA received are correct : 0011110110100111011011001110100110011101101101000010111
 PASS: DATA received are correct : 0011110111100111110011000101011110011101111101000011011
 PASS: DATA received are correct : 0011011101100110111011001101111110010111011101000011001
 PASS: DATA received are correct : 0011101110100111111111001111111110011011101101000011011
 PASS: DATA received are correct : 0011000011100001111011001111111110010000110101000011001
 PASS: DATA received are correct : 0000111011100101101111001010111110001110111101000000011
 PASS: DATA received are correct : 0010111101100111010111000010101110001111011101000011101
 PASS: DATA received are correct : 0011111011100010010111001110111010011110110101000011111
 PASS: DATA received are correct : 0011110101100011111111001110110110011101010101000011011
 PASS: DATA received are correct : 0011010111100011111011001011111110010101110101000011101
 PASS: DATA received are correct : 0011111101100111111101001100111110011111011101000010111
 PASS: DATA received are correct : 0011111110100011101001000110100110011111100101000011111
 PASS: DATA received are correct : 0011101011100111011001000101011110011010111101000010101
 PASS: DATA received are correct : 0001111111100111111111000011101110011111111101000001011
 PASS: DATA received are correct : 0011000111100111111111001110111010010001111101000011011
 PASS: DATA received are correct : 0011011111100111101101001111111010010111111101000011111
 PASS: DATA received are correct : 0011101011100101111011001001101010011010111101000011111
 PASS: DATA received are correct : 0011001101100011001111001111110110010011010101000010001
 PASS: DATA received are correct : 0011111011100111011101001010011110011110111101000010011
 PASS: DATA received are correct : 0011111111100111001111001001111010011111111101000010111
 PASS: DATA received are correct : 0001100110100101111111000101111110011001101101000001111
 PASS: DATA received are correct : 0001001110100001110101001110111110010011100101000000011
 PASS: DATA received are correct : 0011110111100011100011001101111010011101110101000011101
 PASS: DATA received are correct : 0010111011100110100111000100111110001110111101000010101
 PASS: DATA received are correct : 0011111111100111110101001011111010011111111101000010101
 PASS: DATA received are correct : 0011111111100111111111001101111010011111111101000011011
 PASS: DATA received are correct : 0011111110100011110101000011110010011111100101000011101
 PASS: DATA received are correct : 0011011011100011010011001101110110010110110101000011011
 PASS: DATA received are correct : 0010111101100011111101001111110110001111010101000011001
 PASS: DATA received are correct : 0011111111100101110101000010111010011111111101000011111
 PASS: DATA received are correct : 0001111011100100111111000000110110011110111101000000011
 PASS: DATA received are correct : 0011111101100110111011001111111110011111011101000010001
 PASS: DATA received are correct : 0010001111100110110111001011111110000011111101000011001
 PASS: DATA received are correct : 0010011111100010001111001011011110000111110101000011101
 PASS: DATA received are correct : 0011111011100011101101000110111010011110110101000010011
 PASS: DATA received are correct : 0011110101100101011111001101001010011101011101000010111
 PASS: DATA received are correct : 0011111010100011111111001111101110011110100101000011101
 PASS: DATA received are correct : 0011110110100111010111000111000110011101101101000011001
 PASS: DATA received are correct : 0011011110100111110111001111110110010111101101000010111
 PASS: DATA received are correct : 0011110100100110111111001001111010011101001101000011011
 PASS: DATA received are correct : 0010111111100011101001001111101110001111110101000011101
 PASS: DATA received are correct : 0000111111100100011011000101111110001111111101000000001
 PASS: DATA received are correct : 0010111111100111111101001101011110001111111101000011001
 PASS: DATA received are correct : 0001111110100011111111001110001110011111100101000000101
 PASS: DATA received are correct : 0001101000100011101111001111010110011010000101000001111
 PASS: DATA received are correct : 0001111101100111011101001001111110011111011101000000001
 PASS: DATA received are correct : 0011111001100111110011001001111110011110011101000011011
 PASS: DATA received are correct : 0001101111100111111111001011111110011011111101000000001
 PASS: DATA received are correct : 0011111111100111111111001101101010011111111101000010111
 PASS: DATA received are correct : 0010111110100111111111001101001110001111101101000010111
 PASS: DATA received are correct : 0010111101100111101111001111100010001111011101000010011
 PASS: DATA received are correct : 0010001111100011111111001101111110000011110101000010111
 PASS: DATA received are correct : 0000001110100110111111000111101110000011101101000001001
 PASS: DATA received are correct : 0001101010100011100111001000111110011010100101000001101
 PASS: DATA received are correct : 0011101010100011110111001010001110011010100101000011101
 PASS: DATA received are correct : 0011101001100111011111001001011110011010011101000011011
 PASS: DATA received are correct : 0011111110100110111111001111111010011111101101000011001
 PASS: DATA received are correct : 0010111111100111111001000001110110001111111101000010001
 PASS: DATA received are correct : 0010111111100111011011000111111110001111111101000010101
 PASS: DATA received are correct : 0001011101100110101101001111111110010111011101000000001
 PASS: DATA received are correct : 0001110101100111100111001111110110011101011101000001101
 PASS: DATA received are correct : 0011100011100111010111000110111010011000111101000010011
 PASS: DATA received are correct : 0011100111100110111101001111011110011001111101000011111
 PASS: DATA received are correct : 0011111111100111111111001110111110011111111101000011011
 PASS: DATA received are correct : 0010111110100111001111000111111110001111101101000010111
 PASS: DATA received are correct : 0011011111100111111111000111111110010111111101000010011
 PASS: DATA received are correct : 0011011101100001010111000011101110010111010101000010101
 PASS: DATA received are correct : 0010101100100010111111001110101010001011000101000011001
 PASS: DATA received are correct : 0011010011100110010111001111101110010100111101000010101
 PASS: DATA received are correct : 0001110111100111111111001101111110011101111101000000101
 PASS: DATA received are correct : 0010101011100011100111001011100110001010110101000010011
 PASS: DATA received are correct : 0011101101100111101111001111000010011011011101000010001
 PASS: DATA received are correct : 0010111111100111111111001111101110001111111101000011111
 PASS: DATA received are correct : 0011111110100100111011001111001110011111101101000010111
 PASS: DATA received are correct : 0001101001100111111101001111110110011010011101000001011
 PASS: DATA received are correct : 0001011111100101111101001111111110010111111101000001111
 PASS: DATA received are correct : 0011111101100110111111001101001110011111011101000011101
 PASS: DATA received are correct : 0010111111100110011011001011111110001111111101000011101
 PASS: DATA received are correct : 0011101110100101110011001101110010011011101101000011101
 PASS: DATA received are correct : 0010110011100111010101001110111110001100111101000011001
 PASS: DATA received are correct : 0010101110100111101111000111101110001011101101000010111
 PASS: DATA received are correct : 0010010111100110011111001101011110000101111101000011111
 PASS: DATA received are correct : 0011101111100110111111001110111010011011111101000011001
 PASS: DATA received are correct : 0001110100100110111011001111100110011101001101000001001
 PASS: DATA received are correct : 0001101110100111101111001111100110011011101101000000001
 PASS: DATA received are correct : 0001101011100111111111001111011110011010111101000001101
 PASS: DATA received are correct : 0001111111100001111011001111111110011111110101000001101
 PASS: DATA received are correct : 0011101111100111011111001101110110011011111101000011001
 PASS: DATA received are correct : 0011010001100111110101001110111110010100011101000011011
 PASS: DATA received are correct : 0011011111100111011111001100111110010111111101000010001
 PASS: DATA received are correct : 0010111011100111111101001111111110001110111101000010011
 PASS: DATA received are correct : 0010111010100100111011000001101110001110101101000010011
 PASS: DATA received are correct : 0011111111100011101111000011101110011111110101000011001
 PASS: DATA received are correct : 0010111110100010011111000101100110001111100101000010011
 PASS: DATA received are correct : 0011011110100101111011001111111110010111101101000011011
 PASS: DATA received are correct : 0011011111100111100111000101111010010111111101000011101
 PASS: DATA received are correct : 0010110111100111011011000110111010001101111101000011011
 PASS: DATA received are correct : 0011111111100011110111001101111010011111110101000010111
 PASS: DATA received are correct : 0011010111100111111001000111111110010101111101000010101
 PASS: DATA received are correct : 0001110101100000011111001111010110011101010101000001011
 PASS: DATA received are correct : 0001101101100111001111000101100110011011011101000000101
 PASS: DATA received are correct : 0011111101100111110111000111111010011111011101000010111
 PASS: DATA received are correct : 0011100101100110111111000111111110011001011101000010111
 PASS: DATA received are correct : 0011111110100111011101000011101110011111101101000010001
 PASS: DATA received are correct : 0001111111100110111011001101101110011111111101000001101
 PASS: DATA received are correct : 0011111111100111110111001101100010011111111101000011111
 PASS: DATA received are correct : 0011101000100111000011001011110010011010001101000010101
 PASS: DATA received are correct : 0010111111100111110111001111011110001111111101000010011
 PASS: DATA received are correct : 0010101010100111111111001111001110001010101101000011101
 PASS: DATA received are correct : 0011110111100111111101000111110110011101111101000010101
 PASS: DATA received are correct : 0001010011100101111111001111111110010100111101000000011
 PASS: DATA received are correct : 0011111101100111111101001010000110011111011101000010101
 PASS: DATA received are correct : 0011111011100111111111001111111110011110111101000010111
 PASS: DATA received are correct : 0011111011100111111101000101111110011110111101000011011
 PASS: DATA received are correct : 0011010111100111110011001110111110010101111101000011111
 PASS: DATA received are correct : 0011111111100011011011001111001110011111110101000011111
 PASS: DATA received are correct : 0011110111100101110111001111100010011101111101000011001
 PASS: DATA received are correct : 0011111111100111110111001101011110011111111101000010011
 PASS: DATA received are correct : 0000111101100110011111001001101110001111011101000001101
 PASS: DATA received are correct : 0011111111100011101111001110111010011111110101000011011
 PASS: DATA received are correct : 0001111111100100011111001111111110011111111101000000101
 PASS: DATA received are correct : 0011110001100011110111001111101110011100010101000010011
 PASS: DATA received are correct : 0011101111100111100111001110111010011011111101000011001
 PASS: DATA received are correct : 0001001111100110111111001110111110010011111101000000001
 PASS: DATA received are correct : 0001111111100111110011001111101110011111111101000000101
 PASS: DATA received are correct : 0001011111100101111101000010111110010111111101000001001
 PASS: DATA received are correct : 0011101110100111011111001011111110011011101101000011101
 PASS: DATA received are correct : 0011011111100101111011001101010110010111111101000010101
 PASS: DATA received are correct : 0000011111100111101101000001111110000111111101000000001
 PASS: DATA received are correct : 0010011111100101010011001010110110000111111101000011001
 PASS: DATA received are correct : 0010111010100111000011001011101110001110101101000010011
 PASS: DATA received are correct : 0011111111100011101111001111111010011111110101000010001
 PASS: DATA received are correct : 0011110011100111111101001011011010011100111101000011111
 PASS: DATA received are correct : 0011110010100101110111001011011010011100101101000011011
 PASS: DATA received are correct : 0011111101100110100111001111110010011111011101000010111
 PASS: DATA received are correct : 0011111111100110111111001111001110011111111101000010111
 PASS: DATA received are correct : 0011111110100111010011001000011010011111101101000011111
 PASS: DATA received are correct : 0010101101100100101011000111111010001011011101000011111
 PASS: DATA received are correct : 0001011111100110111111001001111110010111111101000000011
 PASS: DATA received are correct : 0011111100100010111001001110111010011111000101000010011
 PASS: DATA received are correct : 0011111101100001111111000101001010011111010101000010011
 PASS: DATA received are correct : 0011110111100001101111000101011110011101110101000011001
 PASS: DATA received are correct : 0000111111100011111111000101101110001111110101000001101
 PASS: DATA received are correct : 0011110101100101001011001111101010011101011101000011101
 PASS: DATA received are correct : 0010110111100101101001001111011110001101111101000011001
 PASS: DATA received are correct : 0010111111100010101011000111111110001111110101000011011
 PASS: DATA received are correct : 0011100111100110010111000111010110011001111101000011011
 PASS: DATA received are correct : 0000011011100111110111001111111110000110111101000001011
 PASS: DATA received are correct : 0011110001100111010111001101011010011100011101000011011
 PASS: DATA received are correct : 0011100111100011111111001101111110011001110101000010011
 PASS: DATA received are correct : 0001101110100110111011000111011110011011101101000001111
 PASS: DATA received are correct : 0011111010100001101101001110111010011110100101000010111
 PASS: DATA received are correct : 0001111111100011000111000111111110011111110101000000111
 PASS: DATA received are correct : 0011110111100101001111001010111010011101111101000011011
 PASS: DATA received are correct : 0001111111100110001111001100011110011111111101000000001
 PASS: DATA received are correct : 0001101110100100111111001100110110011011101101000000011
 PASS: DATA received are correct : 0011110111100110110101001111101010011101111101000010101
 PASS: DATA received are correct : 0001111111100111110111001011011110011111111101000001111
 PASS: DATA received are correct : 0001010111100111101111001111111110010101111101000000111
 PASS: DATA received are correct : 0001111101100110111111001100111110011111011101000001111
 PASS: DATA received are correct : 0001011111100111111111001001111110010111111101000000111
 PASS: DATA received are correct : 0011110111100111110011001111101010011101111101000011011
 PASS: DATA received are correct : 0010110101100011101011001111111110001101010101000010011
 PASS: DATA received are correct : 0011001111100000111101001111101110010011110101000010001
 PASS: DATA received are correct : 0010010111100111001111000111011110000101111101000011011
 PASS: DATA received are correct : 0011111111100111010111001101110110011111111101000011001
 PASS: DATA received are correct : 0010111011100100111101000010110110001110111101000011111
 PASS: DATA received are correct : 0011001111100111101111001011111110010011111101000011011
 PASS: DATA received are correct : 0010111111100111010111001110111110001111111101000010101
 PASS: DATA received are correct : 0011110111100111101101000111110010011101111101000010111
 PASS: DATA received are correct : 0011111110100111111111000110000110011111101101000010011
 PASS: DATA received are correct : 0011111111100111011101001010110110011111111101000011101
 PASS: DATA received are correct : 0001101111100111111111001111001110011011111101000000111
 PASS: DATA received are correct : 0001111001100111111011000110011110011110011101000000101
 PASS: DATA received are correct : 0010101010100111111101001100110110001010101101000010111
 PASS: DATA received are correct : 0011111100100111101111000111011010011111001101000011001
 PASS: DATA received are correct : 0011100111100011111111001111111110011001110101000010001

 TEST1.3: random numbers ADD
 PASS: DATA received are correct : 0001010100100100001111000010000010010101000101010000001
 PASS: DATA received are correct : 0000011010100110000101001111111010000110100101010000011
 PASS: DATA received are correct : 0001111100100110001011001000100010011111001101000001001
 PASS: DATA received are correct : 0001000101100100011011001111011010010001010101010000001
 PASS: DATA received are correct : 0001110000100100100011000001111010011100000101000001011
 PASS: DATA received are correct : 0010110111100100010111001100000110001101110101000010111
 PASS: DATA received are correct : 0000110010100101011101001100011010001100100101010001011
 PASS: DATA received are correct : 0001100101100001101011001000000010011001001101000000001
 PASS: DATA received are correct : 0010000010100111101011001110011110000000101101001010101
 PASS: DATA received are correct : 0000010001100111110101001101111010000100011101010001001
 PASS: DATA received are correct : 0011100101100101110001000110101110011001011101000011001
 PASS: DATA received are correct : 0001101111100111010101000000000010011011111101011000011
 PASS: DATA received are correct : 0000100101100101010101001011110010001001011101010000001
 PASS: DATA received are correct : 0011011101100110101111001001010110010111011101000010011
 PASS: DATA received are correct : 0000111000100010010111001011110010001110000101010001001
 PASS: DATA received are correct : 0011101100100000001101001011111110011010111101000010001
 PASS: DATA received are correct : 0011101100100110011001001101011110011011000101010011101
 PASS: DATA received are correct : 0001001111100010100011000010011010010011110101010001011
 PASS: DATA received are correct : 0001001101100011110011001111011010010011010101010001011
 PASS: DATA received are correct : 0001101010100110011101001111011010011010101101000000001
 PASS: DATA received are correct : 0000011011100101000011001000000010000110110101010001001
 PASS: DATA received are correct : 0000010111100111111101001101000010000101111101011000011
 PASS: DATA received are correct : 0001001101100111111001000101101010010011011101010001001
 PASS: DATA received are correct : 0011010101100011011011001110011110010101010101000010111
 PASS: DATA received are correct : 0011111001100100101011001111000110011110010101000010101
 PASS: DATA received are correct : 0000000011100110111111001101101010000000111101010001111
 PASS: DATA received are correct : 0010001101100001101001000010011110000011001101010011011
 PASS: DATA received are correct : 0001011001100111101101001101001010010110010101000001111
 PASS: DATA received are correct : 0011000111100001111111000110110110010001101101001010101
 PASS: DATA received are correct : 0000110110100010110111000111100010001101100101011000111
 PASS: DATA received are correct : 0001001110100001010101001010000010010011100101000001001
 PASS: DATA received are correct : 0011111000100011001001001111011110011110000101000010101
 PASS: DATA received are correct : 0001010011100010110111000011000010010100101101000001111
 PASS: DATA received are correct : 0000000111100010000001001111001010000001101101010000111
 PASS: DATA received are correct : 0000101000100100100011000000010010001010000101010000011
 PASS: DATA received are correct : 0010101111100100110111001001010110001011110101000010101
 PASS: DATA received are correct : 0000101111100110011101000111111010001011111101011000011
 PASS: DATA received are correct : 0001111111100110001111001000010010011111111101011001111
 PASS: DATA received are correct : 0000001101100110000001001001000010000011010101000000011
 PASS: DATA received are correct : 0001001010100011001011001110111010010010100101010000011
 PASS: DATA received are correct : 0010000110100101001101001001100110000001100101010011011
 PASS: DATA received are correct : 0001110111100100011101000111010010011101110101000000011
 PASS: DATA received are correct : 0011101101100101110101001000011110011011010101000010001
 PASS: DATA received are correct : 0011001100100011101111000100001110010011000101001011101
 PASS: DATA received are correct : 0010001111100000110001001011110110000011101101010011001
 PASS: DATA received are correct : 0001010001100100111001001111101010010100010101011000001
 PASS: DATA received are correct : 0011111100100001010001000010010110011111000101000011111
 PASS: DATA received are correct : 0001111111100011010101001100110010011111110101011000001
 PASS: DATA received are correct : 0010100010100100000101000010101110001000100101001011111
 PASS: DATA received are correct : 0001011001100011000101000101110010010110010101011001101
 PASS: DATA received are correct : 0010010101100010110101001011001110000101010101001011011
 PASS: DATA received are correct : 0010011111100110000111001101001110000111111101000011011
 PASS: DATA received are correct : 0011110001100011010001000001111110011100010101000011001
 PASS: DATA received are correct : 0010111111100101101011001101101110001111111101001011101
 PASS: DATA received are correct : 0011000011100010010111000110011110010000110101001010111
 PASS: DATA received are correct : 0010101001100111011011001001010110001010011101000010011
 PASS: DATA received are correct : 0011011000100011101111001110001110010110000101000010001
 PASS: DATA received are correct : 0000110111100110101101001010111010001101110101011001011
 PASS: DATA received are correct : 0001100010100100110111001000001010011000100101011001111
 PASS: DATA received are correct : 0001000111100001110111000100111010010001101101011000111
 PASS: DATA received are correct : 0011010101100100001101001010110110010101010101000010001
 PASS: DATA received are correct : 0000110100100011011001000010000010001101000101010000011
 PASS: DATA received are correct : 0011100111100100101001000100101110011001110101000010111
 PASS: DATA received are correct : 0011011010100111010001000100010110010110101101000010111
 PASS: DATA received are correct : 0000011100100100100011001100010010000111000101010001101
 PASS: DATA received are correct : 0011000100100100001011000110011110010001000101000010101
 PASS: DATA received are correct : 0011000011100001001101001111111110010000101101001011001
 PASS: DATA received are correct : 0010101111100000101111001011001110001011101101010011001
 PASS: DATA received are correct : 0011001100100101111101000110001110010011001101000010111
 PASS: DATA received are correct : 0000010000100100110011001100110010000100000101010000011
 PASS: DATA received are correct : 0001100111100111011001001101110010011001111101000001101
 PASS: DATA received are correct : 0011000001100110101001001101110110010000010101010011001
 PASS: DATA received are correct : 0011000101100010110011001100101110010001010101000010001
 PASS: DATA received are correct : 0001110111100100010001001000101010011101111101011000001
 PASS: DATA received are correct : 0011101111100001001111000001111110011011110101000010011
 PASS: DATA received are correct : 0000110010100000100111000000000010001100011101000001111
 PASS: DATA received are correct : 0000011010100110110011000100000010000110101101010000001
 PASS: DATA received are correct : 0001001011100100110001001110001010010010111101011000101
 PASS: DATA received are correct : 0001011101100101111111000001001010010111010101010001011
 PASS: DATA received are correct : 0001001100100101011011000101111010010011001101010001101
 PASS: DATA received are correct : 0000101011100110110011001111111010001010111101000001111
 PASS: DATA received are correct : 0000101111100011110101000001010010001011110101000000011
 PASS: DATA received are correct : 0010001001100010001011001110110110000010010101001011001
 PASS: DATA received are correct : 0000111001100011001111000011010010001110010101000000001
 PASS: DATA received are correct : 0001010110100001000011000100010010010101100101000001001
 PASS: DATA received are correct : 0000010011100010000111000110000010000100101101010000001
 PASS: DATA received are correct : 0010011100100111101001001110111110000111000101010010001
 PASS: DATA received are correct : 0001000111100111010111001100011010010001110101010001111
 PASS: DATA received are correct : 0001001011100100111001000101010010010010110101010001011
 PASS: DATA received are correct : 0011010001100011101001000000010110010100010101010011101
 PASS: DATA received are correct : 0000111110100101011011000101110010001111100101011001111
 PASS: DATA received are correct : 0011011100100110011101000100111110010111001101000010111
 PASS: DATA received are correct : 0000000111100011000001000110111010000001110101011000001
 PASS: DATA received are correct : 0001101011100111100111000100010010011010111101011000011
 PASS: DATA received are correct : 0001010011100111110001000111011010010100111101010001011
 PASS: DATA received are correct : 0011111110100100010101000001000110011111100101000011101
 PASS: DATA received are correct : 0001100010100101010101001101011010011000101101000001101
 PASS: DATA received are correct : 0011101001100000100001000101111110011010001101000010111
 PASS: DATA received are correct : 0001100111100000001111000111100010011001101101000001001
 PASS: DATA received are correct : 0010000010100100000101000101010110000000100101001011101
 PASS: DATA received are correct : 0001001001100111000001001100011010010010011101000000011
 PASS: DATA received are correct : 0011010000100100000101001001001110010100000101000010001
 PASS: DATA received are correct : 0010101011100101100111001010001110001010110101000011111
 PASS: DATA received are correct : 0011011010100000000101000100100110010110011101000010111
 PASS: DATA received are correct : 0010010001100100011111001000000110000100010101001010111
 PASS: DATA received are correct : 0001001000100011010011000010001010010001111101010001001
 PASS: DATA received are correct : 0010100100100011111101000011100110001001000101000011111
 PASS: DATA received are correct : 0001111111100001111011000011110010011111101101011000111
 PASS: DATA received are correct : 0001101011100011011001000100001010011010110101011000111
 PASS: DATA received are correct : 0011010010100010010111000100100110010100100101010011111
 PASS: DATA received are correct : 0001100111100100100001000111101010011001110101011000111
 PASS: DATA received are correct : 0000000010100010011101000110101010000000100101010001101
 PASS: DATA received are correct : 0001111011100010101001000101000010011110110101000001101
 PASS: DATA received are correct : 0010101000100000110001000100100110001001111101010010101
 PASS: DATA received are correct : 0010000011100101110111001010100110000000110101001010101
 PASS: DATA received are correct : 0010110110100001110011000001000110001101011101000010011
 PASS: DATA received are correct : 0010001100100010011001001110010110000011000101010011101
 PASS: DATA received are correct : 0010111001100001001111000110011110001110001101001010001
 PASS: DATA received are correct : 0010000101100011110001001111101110000001010101001010111
 PASS: DATA received are correct : 0011111101100111010001000111000110011111011101000010011
 PASS: DATA received are correct : 0011100101100100000111000100011110011001010101000011011
 PASS: DATA received are correct : 0001000111100001101111001101111010010001110101000001001
 PASS: DATA received are correct : 0000011011100111010011001011100010000110111101011000111
 PASS: DATA received are correct : 0000111001100001011111001100111010001110001101010001001
 PASS: DATA received are correct : 0000111111100010011001001011010010001111101101000001111
 PASS: DATA received are correct : 0000100011100011100001001110111010001000101101010000101
 PASS: DATA received are correct : 0011011101100110101111000001111110010111011101000010011
 PASS: DATA received are correct : 0001010001100110010101000110001010010100011101010001111
 PASS: DATA received are correct : 0001011000100001001101000110011010010101111101011000111
 PASS: DATA received are correct : 0010001011100011000011001101011110000010101101001010111
 PASS: DATA received are correct : 0010101110100101100101000111001110001011100101000011101
 PASS: DATA received are correct : 0011101000100010110111000111000110011001111101000011001
 PASS: DATA received are correct : 0000101001100101101011001010100010001010010101000001111
 PASS: DATA received are correct : 0010100110100000000011001101101110001001011101001011011
 PASS: DATA received are correct : 0011000011100100101001001111000110010000111101001011001
 PASS: DATA received are correct : 0000100001100011011101000011101010001000010101010000001
 PASS: DATA received are correct : 0010111101100110001111001011000110001111011101000010111
 PASS: DATA received are correct : 0010100000100101100001000011011110001000001101001010001
 PASS: DATA received are correct : 0001001000100001111111001101011010010001111101010001001
 PASS: DATA received are correct : 0000010010100011101011001111111010000100100101000000001
 PASS: DATA received are correct : 0010100011100010100011001100001110001000110101010011001
 PASS: DATA received are correct : 0001101100100001101001000010110010011010111101011001001
 PASS: DATA received are correct : 0010100100100000111001000110011110001000111101010011001
 PASS: DATA received are correct : 0011001110100110011011001111100110010011101101001011111
 PASS: DATA received are correct : 0000000011100011100011000010010010000000110101010000001
 PASS: DATA received are correct : 0000011001100101111011000000001010000110011101010001101
 PASS: DATA received are correct : 0001011111100001110111001110000010010111110101000000011
 PASS: DATA received are correct : 0000010100100101110011000111001010000101001101010000001
 PASS: DATA received are correct : 0001010110100011010111000000101010010101011101010000111
 PASS: DATA received are correct : 0011010111100111000011001110110110010101110101000010101
 PASS: DATA received are correct : 0010100111100010101111001000011110001001110101001010001
 PASS: DATA received are correct : 0010011010100011000111001001111110000110100101000011001
 PASS: DATA received are correct : 0010111000100101011001001011101110001110000101001011011
 PASS: DATA received are correct : 0010001111100101000101000011000110000011110101010011001
 PASS: DATA received are correct : 0001110100100110100001001001001010011101001101011001001
 PASS: DATA received are correct : 0011111010100110111111001100100110011110101101010011111
 PASS: DATA received are correct : 0011011111100110010111000111010110010111111101000010011
 PASS: DATA received are correct : 0000100001100011001011000001001010001000010101010001101
 PASS: DATA received are correct : 0001001111100101100001000100110010010011110101010001001
 PASS: DATA received are correct : 0001000011100001010011000010111010010000101101011001001
 PASS: DATA received are correct : 0010101111100100001001000111110110001011110101001010111
 PASS: DATA received are correct : 0001000001100111110011001100101010010000011101011000111
 PASS: DATA received are correct : 0010110100100101001111001110110110001101000101000011011
 PASS: DATA received are correct : 0000011111100001000111000000111010000111101101010000101
 PASS: DATA received are correct : 0001101110100101111011000000101010011011101101011000001
 PASS: DATA received are correct : 0011110111100100101111001010000110011101110101001011011
 PASS: DATA received are correct : 0000011010100000100001001011101010000110011101000001011
 PASS: DATA received are correct : 0010100110100100110001001010100110001001100101001010011
 PASS: DATA received are correct : 0010011100100100000101000110001110000111000101000011101
 PASS: DATA received are correct : 0010110110100110111011001100111110001101101101001010101
 PASS: DATA received are correct : 0010010100100111010111001110111110000101001101000011111
 PASS: DATA received are correct : 0011001010100001111011000011100110010010100101000010111
 PASS: DATA received are correct : 0001100101100000010011001100011010011001001101000001101
 PASS: DATA received are correct : 0000011111100110100111001001011010000111110101010001101
 PASS: DATA received are correct : 0000011101100111000101001100111010000111011101011001111
 PASS: DATA received are correct : 0001100000100101011001000000011010011000001101011000101
 PASS: DATA received are correct : 0010110110100101100001000111010110001101101101001010011
 PASS: DATA received are correct : 0001011010100111010001000011100010010110101101010000001
 PASS: DATA received are correct : 0001110110100010001101001001100010011101011101011000001
 PASS: DATA received are correct : 0011010011100011010001000100111110010100110101001011011
 PASS: DATA received are correct : 0011110110100111110111001010101110011101101101000010101
 PASS: DATA received are correct : 0000010101100111100101001111010010000101011101010001111
 PASS: DATA received are correct : 0010101101100000100001001001000110001011010101001011001
 PASS: DATA received are correct : 0001101011100110111011000100111010011010111101011000111
 PASS: DATA received are correct : 0001010111100100110001001010111010010101110101000000111
 PASS: DATA received are correct : 0000100001100001100111000000101010001000001101010001101
 PASS: DATA received are correct : 0001000011100111000011001110110010010000110101010000101
 PASS: DATA received are correct : 0001000000100010111101000100101010010000000101010000111
 PASS: DATA received are correct : 0011001011100010111001001011101110010010110101001011001
 PASS: DATA received are correct : 0010101100100010011111001011011110001011000101010010101
 PASS: DATA received are correct : 0011110100100000000111001111010110011100111101000010111
 PASS: DATA received are correct : 0011000001100001001101000111111110010000001101001011001
 PASS: DATA received are correct : 0010011011100010001011000000110110000110101101010011001
 PASS: DATA received are correct : 0000100011100010110001000100010010001000110101000001111
 PASS: DATA received are correct : 0000010011100011001111001110100010000100110101010000001
 PASS: DATA received are correct : 0011100101100010110011000010110110011001010101000011111
 PASS: DATA received are correct : 0010011011100011101101001110101110000110110101000010111
 PASS: DATA received are correct : 0010101011100110000111001110011110001010111101010010111
 PASS: DATA received are correct : 0010011001100101001111000000001110000110010101000010101
 PASS: DATA received are correct : 0011111000100000000011001001010110011101111101000011001
 PASS: DATA received are correct : 0000000000100001111111001001100010000000000101010001111
 PASS: DATA received are correct : 0001000001100011100011001110010010010000010101010000111
 PASS: DATA received are correct : 0011000101100000000101001000101110010001001101000010011
 PASS: DATA received are correct : 0000000101100000100101001111100010000001001101010000001
 PASS: DATA received are correct : 0011010011100000101001000100100110010100101101000011001
 PASS: DATA received are correct : 0001110011100101010011000111101010011100110101011000101
 PASS: DATA received are correct : 0001011111100011000111001011101010010111110101010001111
 PASS: DATA received are correct : 0011100110100011010001001001010110011001100101000011101
 PASS: DATA received are correct : 0000000111100100100101000100011010000001110101010000111
 PASS: DATA received are correct : 0011000010100000110011001110111110010000011101010011101
 PASS: DATA received are correct : 0010100011100010110111001101010110001000110101010011111
 PASS: DATA received are correct : 0011110000100110001011001010101110011100000101000010001
 PASS: DATA received are correct : 0000110000100011111101001100111010001100000101000001011
 PASS: DATA received are correct : 0010011001100110110101000111100110000110010101010010111
 PASS: DATA received are correct : 0011000001100001001001000001011110010000001101000010011
 PASS: DATA received are correct : 0001000000100110101011000111111010010000001101010000001
 PASS: DATA received are correct : 0011010100100110001111000001111110010101000101010010111
 PASS: DATA received are correct : 0011110010100011010101000101111110011100100101000011101
 PASS: DATA received are correct : 0000000011100100111011001100100010000000110101010000011
 PASS: DATA received are correct : 0010101000100001010111000100100110001001111101001011101
 PASS: DATA received are correct : 0001100100100100000001000111101010011001000101011001001
 PASS: DATA received are correct : 0010001010100101100001001101111110000010101101010011011
 PASS: DATA received are correct : 0010010101100010100101000010001110000101010101001010011
 PASS: DATA received are correct : 0000111010100010000101000100110010001110011101011001101
 PASS: DATA received are correct : 0011001101100111010001000001111110010011011101000010101
 PASS: DATA received are correct : 0011000101100111111011000011100110010001011101000011011
 PASS: DATA received are correct : 0011100101100011100101000110010110011001010101001011111
 PASS: DATA received are correct : 0001111001100011111011001100110010011110010101000001101
 PASS: DATA received are correct : 0010110010100011000111000101000110001100100101001011001
 PASS: DATA received are correct : 0000101001100000001101001010111010001010001101010001001
 PASS: DATA received are correct : 0010101100100110101111001100111110001011001101000010111
 PASS: DATA received are correct : 0000100100100001010011000000011010001000111101000001001
 PASS: DATA received are correct : 0000111011100011111111000100100010001110110101010000101
 PASS: DATA received are correct : 0001110110100111011001000111110010011101101101000001101
 PASS: DATA received are correct : 0010010011100000000111001010011110000100101101001011001
 PASS: DATA received are correct : 0010100001100011101111000011100110001000010101001011111
 PASS: DATA received are correct : 0010001111100111100011000100110110000011111101001010111
 PASS: DATA received are correct : 0001101110100001101011001110010010011011011101010000111
 PASS: DATA received are correct : 0001110011100000111111000010010010011100101101011000001
 PASS: DATA received are correct : 0000001110100100000111001010011010000011100101010000101
 PASS: DATA received are correct : 0011101000100100101101001001100110011010000101000011101
 PASS: DATA received are correct : 0000100101100110100101000010011010001001011101010001111
 PASS: DATA received are correct : 0001000000100111110111001001000010010000001101010000111
 PASS: DATA received are correct : 0011101011100010100011001000101110011010101101000011011
 PASS: DATA received are correct : 0001000101100011101001000111001010010001010101000001011
 PASS: DATA received are correct : 0000001010100000110001001000001010000010011101010000011
 PASS: DATA received are correct : 0010001110100000100101000010001110000011100101000011011
 PASS: DATA received are correct : 0001100111100110011001000010101010011001110101011000111
 PASS: DATA received are correct : 0011000010100101110001000001000110010000101101000011101
 PASS: DATA received are correct : 0001111001100110010001000011010010011110010101011001011

 TEST1.4: random numbers SUB
 PASS: DATA received are correct : 0001010000100110000111000011010010010100010101000000101
 PASS: DATA received are correct : 0001111001100100010011000000010010011110011101001000011
 PASS: DATA received are correct : 0010101111100110110001001001000110001100000101010010111
 PASS: DATA received are correct : 0000010111100110000011001011000010000101111101010000011
 PASS: DATA received are correct : 0001010100100011100011001010011010010101001101000000111
 PASS: DATA received are correct : 0001110110100011011001001010101010011101101101010001101
 PASS: DATA received are correct : 0010100011100110000111000110000110001000111101010011001
 PASS: DATA received are correct : 0010110001100101001001000110010110001100100101011011111
 PASS: DATA received are correct : 0011001101100101010011001011010110010011011101010010011
 PASS: DATA received are correct : 0001010100100010000101000100110010010101001101000001101
 PASS: DATA received are correct : 0011001000100100101111001001000110010010001101011011111
 PASS: DATA received are correct : 0001010001100010011101001101010010010100011101000000111
 PASS: DATA received are correct : 0011100100100100001101001101111110011001001101010010101
 PASS: DATA received are correct : 0000101100100011100011000110101010001011001101000000011
 PASS: DATA received are correct : 0011100100100111010001001001011110011001010101010010111
 PASS: DATA received are correct : 0011000001100011000001001000000110010000011101011010001
 PASS: DATA received are correct : 0010010001100100101001001010011110000100100101011011001
 PASS: DATA received are correct : 0000011010100010100011001000010010000110101101010001101
 PASS: DATA received are correct : 0010101110100101110011001111111110001011101101011010111
 PASS: DATA received are correct : 0011000101100011010001001110011110010001011101010011111
 PASS: DATA received are correct : 0001001011100110011101001000101010010011000101010001101
 PASS: DATA received are correct : 0000011001100001010101000001101010000110010101010001101
 PASS: DATA received are correct : 0001011001100011111111000011110010010110011101001000101
 PASS: DATA received are correct : 0011010111100111001111001000101110010110000101000010111
 PASS: DATA received are correct : 0001110110100101000001000000011010011101101101001001011
 PASS: DATA received are correct : 0010100010100001100101001010110110001000100101011010111
 PASS: DATA received are correct : 0011100100100000110111001101101110011001000101011010101
 PASS: DATA received are correct : 0010101000100010010111001110101110001010001101010010101
 PASS: DATA received are correct : 0010001111100111001001001010010110000100000101011010101
 PASS: DATA received are correct : 0000001010100100100101001011101010000010101101000000001
 PASS: DATA received are correct : 0000100110100111000111000101010010001001101101000000011
 PASS: DATA received are correct : 0001011000100111101011001000011010010110010101001000101
 PASS: DATA received are correct : 0000011101100111001111001101101010000111011101000000101
 PASS: DATA received are correct : 0010100001100011000011001100010110001000011101011010111
 PASS: DATA received are correct : 0010100001100100110011000010100110001000100101000010111
 PASS: DATA received are correct : 0001111101100001100111001101111010011111011101001001101
 PASS: DATA received are correct : 0001011101100011001011000010111010010111011101000000101
 PASS: DATA received are correct : 0010001101100101001111000100100110000011011101000010101
 PASS: DATA received are correct : 0000001001100011100001001101101010000010011101000001101
 PASS: DATA received are correct : 0011010111100010001101000111001110010101111101010011011
 PASS: DATA received are correct : 0010101111100100010001000001110110001011111101000011111
 PASS: DATA received are correct : 0001101100100010110101001100110010011011000101000000001
 PASS: DATA received are correct : 0010010111100000011011001110010110000101110101000010111
 PASS: DATA received are correct : 0011010110100010111001001100001110010101101101010011011
 PASS: DATA received are correct : 0011000111100111011001000010010110010001111101010010101
 PASS: DATA received are correct : 0010101110100011000111001100011110001011101101000011111
 PASS: DATA received are correct : 0000010100100100000111001100111010000101001101001000111
 PASS: DATA received are correct : 0011010100100100101101000100110110010101010101010011011
 PASS: DATA received are correct : 0010011010100100111001001100110110000110101101010011001
 PASS: DATA received are correct : 0010110110100100110011001100010110001101101101011010001
 PASS: DATA received are correct : 0010101011100010101101000001001110001010111101000011001
 PASS: DATA received are correct : 0000010101100000000101001001010010000101010101001000001
 PASS: DATA received are correct : 0000001010100000101011001001000010000010100101000001101
 PASS: DATA received are correct : 0010110111100110001001000011011110001101111101010010001
 PASS: DATA received are correct : 0001110010100011110001000011010010011100101101010000001
 PASS: DATA received are correct : 0010000001100101000011000001101110000000011101000010101
 PASS: DATA received are correct : 0001010101100010000011001111000010010101011101010001011
 PASS: DATA received are correct : 0001010010100100110101001010101010010100101101010001011
 PASS: DATA received are correct : 0010111100100010011011001011000110001111001101010011001
 PASS: DATA received are correct : 0000101001100011000011000101110010001010010101000000101
 PASS: DATA received are correct : 0001000101100011111011000110110010010001010101000001001
 PASS: DATA received are correct : 0011110011100110001001001001011110011101000101010011001
 PASS: DATA received are correct : 0000100100100101010101000000101010001001001101000000101
 PASS: DATA received are correct : 0001111110100001000101001101010010011111101101001001101
 PASS: DATA received are correct : 0000011100100100100111001000001010000111001101000000001
 PASS: DATA received are correct : 0011110001100110110011001000000110011100100101010011101
 PASS: DATA received are correct : 0001011110100110100001001100000010010111110101000000111
 PASS: DATA received are correct : 0001010010100101101011000000111010010100110101000000001
 PASS: DATA received are correct : 0001000010100101111111001011011010010000101101010000001
 PASS: DATA received are correct : 0001101011100011000001001110011010011010111101001001011
 PASS: DATA received are correct : 0011000011100011101011000101000110010000111101010011011
 PASS: DATA received are correct : 0010011000100110101111001000000110000110010101010010011
 PASS: DATA received are correct : 0010110100100101011011001000001110001101001101010010001
 PASS: DATA received are correct : 0011100100100110100101000100100110011001010101000011111
 PASS: DATA received are correct : 0010011110100101110111000011110110000111110101000011101
 PASS: DATA received are correct : 0011011111100001110011001011000110010111110101010011001
 PASS: DATA received are correct : 0000110001100011110001000110111010001100011101010001001
 PASS: DATA received are correct : 0010100110100100101011000010011110001001101101000010111
 PASS: DATA received are correct : 0000111110100001101101000000011010001111100101000001001
 PASS: DATA received are correct : 0010001111100011110111000001111110000011111101011010101
 PASS: DATA received are correct : 0000101000100101010111001111011010001010010101000000011
 PASS: DATA received are correct : 0011011011100000000011000000000110010110110101000011001
 PASS: DATA received are correct : 0010111110100111010011000010100110001111110101010011101
 PASS: DATA received are correct : 0011101100100001010111000100010110011011001101000011001
 PASS: DATA received are correct : 0001101000100010000111001001100010011010000101000001011
 PASS: DATA received are correct : 0001101100100010111011000101011010011011001101001000101
 PASS: DATA received are correct : 0010011011100010010001000010110110000110110101011011011
 PASS: DATA received are correct : 0011001110100110010011001010101110010011101101011010011
 PASS: DATA received are correct : 0010001010100101010101001101011110000010101101011011111
 PASS: DATA received are correct : 0010100010100111000011001010100110001000101101010010111
 PASS: DATA received are correct : 0011111001100001101101001000100110011110011101010010001
 PASS: DATA received are correct : 0000100101100110001011001100101010001001011101010000101
 PASS: DATA received are correct : 0000100100100101111011000011001010001001001101000000101
 PASS: DATA received are correct : 0010000010100101101011000111100110000000110101011011101
 PASS: DATA received are correct : 0010111000100000001111001100000110001110000101010011001
 PASS: DATA received are correct : 0000110010100011111111000010010010001100101101000000111
 PASS: DATA received are correct : 0010110011100110001101000010011110001100111101010010001
 PASS: DATA received are correct : 0011101001100111100001000100000110011010100101010011011
 PASS: DATA received are correct : 0000111110100011111111000101010010001111101101001001111
 PASS: DATA received are correct : 0010000111100010001011000011110110000001111101011010011
 PASS: DATA received are correct : 0001001011100100000011000011110010010010111101000001101
 PASS: DATA received are correct : 0001101110100100110011001000100010011011101101010001011
 PASS: DATA received are correct : 0000001000100110100001001100100010000010010101000001011
 PASS: DATA received are correct : 0011000101100010101111001001001110010001011101011011001
 PASS: DATA received are correct : 0000000100100000110011001110101010000001000101000001111
 PASS: DATA received are correct : 0011111100100101010001001100100110011111010101010010111
 PASS: DATA received are correct : 0011110110100100111111001001001110011101101101010011011
 PASS: DATA received are correct : 0000011010100111001011001010001010000110101101000000001
 PASS: DATA received are correct : 0000101000100001010111001011011010001010000101000001001
 PASS: DATA received are correct : 0000110100100000001011001000100010001101000101010000111
 PASS: DATA received are correct : 0001011000100111111111000011111010010110010101000000011
 PASS: DATA received are correct : 0010000001100000011101001110101110000000010101000011001
 PASS: DATA received are correct : 0000100010100110000101000001110010001000101101010000111
 PASS: DATA received are correct : 0010000110100100001111000100000110000001101101011011011
 PASS: DATA received are correct : 0011000000100011100111000100000110010000001101000010101
 PASS: DATA received are correct : 0010111001100111000101001111001110001110100101000010101
 PASS: DATA received are correct : 0000101101100010110001001001111010001011011101000000111
 PASS: DATA received are correct : 0000010101100111101011000111100010000101100101000000001
 PASS: DATA received are correct : 0010001010100111011111000010000110000010101101010011111
 PASS: DATA received are correct : 0000001110100011000011000011100010000011101101000001011
 PASS: DATA received are correct : 0010111101100110110101001011110110001111011101010011111
 PASS: DATA received are correct : 0001010010100000001111001010100010010100100101010001111
 PASS: DATA received are correct : 0000110001100110101101000110000010001100100101010001101
 PASS: DATA received are correct : 0011001100100011110011000011011110010011001101010010101
 PASS: DATA received are correct : 0010110100100101000111001111011110001101001101000010011
 PASS: DATA received are correct : 0001010110100011001011000101100010010101100101010001101
 PASS: DATA received are correct : 0001010111100111111001000111101010010110000101010001001
 PASS: DATA received are correct : 0010000101100000010101000111001110000001010101000011101
 PASS: DATA received are correct : 0001001010100011111111001101000010010010101101000000101
 PASS: DATA received are correct : 0000001000100101001101000000000010000010001101000001001
 PASS: DATA received are correct : 0010010111100101001001001110111110000101111101011010001
 PASS: DATA received are correct : 0000001001100111001001000110110010000010011101000001101
 PASS: DATA received are correct : 0010111110100101010011001100000110001111101101000010011
 PASS: DATA received are correct : 0011110110100010100011000010011110011101101101010010001
 PASS: DATA received are correct : 0000010000100100000111000011111010000100001101000001011
 PASS: DATA received are correct : 0000101011100110001101001001111010001010111101001001011
 PASS: DATA received are correct : 0011000100100110011011000101000110010001010101010010111
 PASS: DATA received are correct : 0011110010100110111101000100100110011100110101011011111
 PASS: DATA received are correct : 0010110101100101110101001110101110001101100101011011111
 PASS: DATA received are correct : 0000111000100011000001001001000010001110001101000000011
 PASS: DATA received are correct : 0010110011100000001011001111110110001100110101000010101
 PASS: DATA received are correct : 0001110101100101101001001110011010011101100101001001111
 PASS: DATA received are correct : 0001011011100110111111000111001010010110111101001001111
 PASS: DATA received are correct : 0000111000100010100011001011110010001110000101010001101
 PASS: DATA received are correct : 0001101111100110111111000100001010011100000101001000111
 PASS: DATA received are correct : 0010111000100001011001001000000110001110000101011010111
 PASS: DATA received are correct : 0010000110100111101001000101101110000001110101011010001
 PASS: DATA received are correct : 0011101101100001010011001010001110011011011101000010101
 PASS: DATA received are correct : 0000100000100010101001001010011010001000001101000001011
 PASS: DATA received are correct : 0010010011100100011001001001011110000100111101011011011
 PASS: DATA received are correct : 0011111000100011011011000001100110011110001101010011101
 PASS: DATA received are correct : 0010001111100011001111001100100110000011111101011011111
 PASS: DATA received are correct : 0010010101100110100011001010010110000101100101000011101
 PASS: DATA received are correct : 0000011111100000011001001010100010000111110101010000011
 PASS: DATA received are correct : 0011111101100001011011000011011110011111010101010010101
 PASS: DATA received are correct : 0001001100100011110111001010011010010011001101001001101
 PASS: DATA received are correct : 0001111100100001100011001100000010011111001101010001111
 PASS: DATA received are correct : 0000001101100110101001000011011010000011011101000001011
 PASS: DATA received are correct : 0001111011100100010001000010111010011110111101001000111
 PASS: DATA received are correct : 0010000100100110001001001100010110000001010101011011001
 PASS: DATA received are correct : 0001000111100110000001000111010010010001111101001001101
 PASS: DATA received are correct : 0011001100100111110101001011111110010011010101010010011
 PASS: DATA received are correct : 0011000001100010000011001000010110010000010101011011011
 PASS: DATA received are correct : 0011001001100100100101001001101110010010011101000011111
 PASS: DATA received are correct : 0011100011100001110011000100100110011000110101010011101
 PASS: DATA received are correct : 0001100001100100001111001100010010011000011101001000101
 PASS: DATA received are correct : 0000010001100100011001001011011010000100011101000000111
 PASS: DATA received are correct : 0010011011100001001001001010111110000110110101011011101
 PASS: DATA received are correct : 0000011101100110001111001011100010000111011101010001011
 PASS: DATA received are correct : 0000000110100011100101001100100010000001101101000001011
 PASS: DATA received are correct : 0011110011100000011011000100001110011100110101011011101
 PASS: DATA received are correct : 0011100110100101010101000111110110011001110101000010111
 PASS: DATA received are correct : 0011011001100000001111000100001110010110010101010011011
 PASS: DATA received are correct : 0010001010100101000111000100010110000010101101000010011
 PASS: DATA received are correct : 0000111101100110101101001010101010001111100101000001001
 PASS: DATA received are correct : 0001000100100010000111001000110010010001000101000001101
 PASS: DATA received are correct : 0011110111100000000111000110100110011101110101010010111
 PASS: DATA received are correct : 0001101110100111100001001100000010011011110101010001101
 PASS: DATA received are correct : 0011101001100011011001000110111110011010011101000011101
 PASS: DATA received are correct : 0011110100100111111111000101001110011101010101010011111
 PASS: DATA received are correct : 0000001000100001101111001010111010000010000101000000001
 PASS: DATA received are correct : 0011000100100001000101001011010110010001001101010011101
 PASS: DATA received are correct : 0010011010100110000101000001001110000110110101011011011
 PASS: DATA received are correct : 0010100000100110111011000101010110001000010101000011101
 PASS: DATA received are correct : 0010111001100100011111001000101110001110011101000010011
 PASS: DATA received are correct : 0011001000100111100001001010011110010010010101010010111
 PASS: DATA received are correct : 0011110010100001110111000000110110011100100101010010011
 PASS: DATA received are correct : 0011010100100110011011000001010110010101010101010010001
 PASS: DATA received are correct : 0000000010100011001101001000011010000000100101000000101
 PASS: DATA received are correct : 0001001000100000000101000001010010010010000101001001011
 PASS: DATA received are correct : 0010011001100101010101001110011110000110011101000010001
 PASS: DATA received are correct : 0001000000100101011101000001010010010000001101000001011
 PASS: DATA received are correct : 0000010010100100010001000001111010000100101101000000001
 PASS: DATA received are correct : 0010110101100111011101001000000110001101100101011010101
 PASS: DATA received are correct : 0000010010100010101011000001110010000100100101000001101
 PASS: DATA received are correct : 0010110101100010011111001100101110001101011101011010111
 PASS: DATA received are correct : 0000000000100001011111001101000010000000001101000001001
 PASS: DATA received are correct : 0000001111100001111011000110010010000011110101000001001
 PASS: DATA received are correct : 0001000010100111011011000010110010010000110101000001011
 PASS: DATA received are correct : 0011100010100011100011001011110110011000101101010010111
 PASS: DATA received are correct : 0000110110100000010011000001110010001101100101001000001
 PASS: DATA received are correct : 0001110110100011001101000100011010011101100101001000111
 PASS: DATA received are correct : 0011000101100100101101001001100110010001011101010010111
 PASS: DATA received are correct : 0011010100100110000111000110110110010101010101010011011
 PASS: DATA received are correct : 0010100001100001011111001000100110001000011101000010101
 PASS: DATA received are correct : 0010010001100110100001001010010110000100011101011010011
 PASS: DATA received are correct : 0011110101100111001001001110000110011101100101010011001
 PASS: DATA received are correct : 0000110011100111001001000101101010001101000101000001001
 PASS: DATA received are correct : 0010011111100001011101001001000110000111110101000010101
 PASS: DATA received are correct : 0010101001100110100111001111110110001010100101010010101
 PASS: DATA received are correct : 0010111110100110110111001000011110001111101101010010101
 PASS: DATA received are correct : 0001000000100011001001000000001010010000001101000000011
 PASS: DATA received are correct : 0010101100100000000011001011001110001011000101010011001
 PASS: DATA received are correct : 0010000110100101101111001101001110000001110101000010001
 PASS: DATA received are correct : 0000101000100111011101000000100010001010010101000000011
 PASS: DATA received are correct : 0010010001100110000011001110011110000100100101011011111
 PASS: DATA received are correct : 0011010000100000101001000111001110010100000101010010011
 PASS: DATA received are correct : 0000001110100101100111001010011010000011101101000001101
 PASS: DATA received are correct : 0010100111100111111111001110001110001010000101000010001
 PASS: DATA received are correct : 0010010100100011011011001000001110000101001101000011111
 PASS: DATA received are correct : 0011001110100010000101000100110110010011100101010011011
 PASS: DATA received are correct : 0010100011100111011101001111010110001001000101011011001
 PASS: DATA received are correct : 0000101001100011001001001001111010001010010101000000111
 PASS: DATA received are correct : 0011000111100110001101000110001110010010000101011011111
 PASS: DATA received are correct : 0000010001100110101101001100011010000100100101000001101
 PASS: DATA received are correct : 0001000010100100000011000011111010010000101101010001001
 PASS: DATA received are correct : 0011100001100110111111001011000110011000100101010011001
 PASS: DATA received are correct : 0010111100100000110111001111100110001111000101010011111
 PASS: DATA received are correct : 0001011100100100011011000101100010010111001101010001101
 PASS: DATA received are correct : 0001011110100011100101000000010010010111101101010001111
 PASS: DATA received are correct : 0011011011100101001001001010001110010110111101011011111
 PASS: DATA received are correct : 0011010000100101011011001100101110010100001101010010101
 PASS: DATA received are correct : 0000110100100100100011001000011010001101001101010001101
 PASS: DATA received are correct : 0010000001100101110001001100010110000000011101000011001
 PASS: DATA received are correct : 0001000100100010101101001111001010010001001101000001011
 PASS: DATA received are correct : 0010110001100101010111000101101110001100011101010011001
 PASS: DATA received are correct : 0000010010100011111101001101001010000100101101010001111
 PASS: DATA received are correct : 0010101010100001111011000000001110001010101101000011011
 PASS: DATA received are correct : 0001111011100000010101000001100010011110110101001001011
 PASS: DATA received are correct : 0010010110100001101001000010101110000101101101011010001
 PASS: DATA received are correct : 0001001111100011000001001011100010010011111101000000011
 PASS: DATA received are correct : 0001100111100110101101000011111010011010000101000001101
 PASS: DATA received are correct : 0011011110100010000011001001110110010111100101010011001
 PASS: DATA received are correct : 0000111110100010101111001011001010001111101101000001011
 PASS: DATA received are correct : 0011010010100101100101001011101110010100101101010011101
 PASS: DATA received are correct : 0010111010100010010111001111001110001110100101000011001
 PASS: DATA received are correct : 0001011001100111100011000000000010010110100101010001111
 PASS: DATA received are correct : 0010110001100000101011000111001110001100010101010011001
 PASS: DATA received are correct : 0010000000100011000001000101101110000000000101011011101
 PASS: DATA received are correct : 0010101111100010101011001010010110001011111101000011111

 TEST2:corners 
 AND 
 PASS: DATA received are correct : 0000000000100000000001000000000010000000000101000101101
 PASS: DATA received are correct : 0000000000100000000001000000000010000000000101000101101
 PASS: DATA received are correct : 0011111111100111111111001111111110011111111101000010001
 PASS: DATA received are correct : 0000000000100000000001000000000010000000000101000101101
 OR 
 PASS: DATA received are correct : 0011111111100111111111001111111110011111111101000010001
 PASS: DATA received are correct : 0011111111100111111111001111111110011111111101000010001
 PASS: DATA received are correct : 0011111111100111111111001111111110011111111101000010001
 PASS: DATA received are correct : 0000000000100000000001000000000010000000000101000101101
 ADD 
 PASS: DATA received are correct : 0011111111100111111111001111111110011111111101000010001
 PASS: DATA received are correct : 0011111111100111111111001111111110011111111101000010001
 PASS: DATA received are correct : 0011111111100111111111001111111110011111110101010011111
 PASS: DATA received are correct : 0000000000100000000001000000000010000000000101000101101
 SUB 
 PASS: DATA received are correct : 0000000000100000000001000000000010000000001101010001111
 PASS: DATA received are correct : 0011111111100111111111001111111110011111111101000010001
 PASS: DATA received are correct : 0000000000100000000001000000000010000000000101000101101
 PASS: DATA received are correct : 0000000000100000000001000000000010000000000101000101101
TEST3: wrong number of packets
 1 data frame:
 PASS: CTL received is correct : 01110010011
 2 data frames:
 PASS: CTL received is correct : 01110010011
 3 data frames:
 PASS: CTL received is correct : 01110010011
 4 data frames:
 PASS: CTL received is correct : 01110010011
 5 data frames:
 PASS: CTL received is correct : 01110010011
 6 data frames:
 PASS: CTL received is correct : 01110010011
 7 data frames:
 PASS: CTL received is correct : 01110010011
 9 data frames:
 PASS: CTL received is correct : 01110010011
TEST4:Wrong OP
 PASS: CTL received is correct : 01100100111
TEST5:Wrong CRC
 PASS: CTL received is correct : 01101001011
Simulation complete via $finish(1) at time 1611625 NS + 1
../tb/mtm_Alu_tb.v:72 	    $finish;
xcelium> exit
TOOL:	xrun	18.09-s011: Exiting on May 02, 2020 at 20:11:59 CEST  (total: 00:00:00)
